
> frontend@0.1.0 dev
> next dev

   â–² Next.js 15.4.5
   - Local:        http://localhost:3000
   - Network:      http://10.0.0.5:3000
   - Environments: .env.local

 âœ“ Starting...
 âœ“ Ready in 11s
 â—‹ Compiling /middleware ...
 âœ“ Compiled /middleware in 2.5s (108 modules)
 â—‹ Compiling / ...
 âœ“ Compiled / in 31.6s (615 modules)
 GET / 200 in 36193ms
 GET / 200 in 374ms
 â—‹ Compiling /favicon.ico ...
 âœ“ Compiled /favicon.ico in 743ms (394 modules)
 GET /favicon.ico 200 in 1236ms
 â—‹ Compiling /simple-test ...
 âœ“ Compiled /simple-test in 1631ms (639 modules)
 GET /simple-test 200 in 1926ms
 GET /simple-test 200 in 47ms
 â—‹ Compiling /test-api ...
 âœ“ Compiled /test-api in 1428ms (632 modules)
 GET /test-api 200 in 1689ms
 GET /test-api 200 in 728ms
 âœ“ Compiled in 40.3s (730 modules)
 GET /test-api 200 in 1407ms
 â¨¯ ./src/app/page.tsx
Error:   [31mx[0m Unexpected token. Did you mean `{'}'}` or `&rbrace;`?
    ,-[[36;1;4mC:\Users\federicoreginato\Documents\GitHub\hse-agent\frontend\src\app\page.tsx[0m:71:1]
 [2m68[0m |       </div>
 [2m69[0m |     </div>
 [2m70[0m |   );
 [2m71[0m | }
    : [35;1m^[0m
    `----
  [31mx[0m Unexpected eof
    ,-[[36;1;4mC:\Users\federicoreginato\Documents\GitHub\hse-agent\frontend\src\app\page.tsx[0m:71:1]
 [2m68[0m |       </div>
 [2m69[0m |     </div>
 [2m70[0m |   );
 [2m71[0m | }
    `----

Caused by:
    Syntax Error

Import trace for requested module:
./src/app/page.tsx
 â—‹ Compiling /_error ...
 âœ“ Compiled /_error in 27.6s (1051 modules)
 GET /test-api 500 in 35701ms
 GET /test-api 200 in 449ms
 GET /test-api 200 in 115ms
 GET /test-api 200 in 470ms
 GET /test-api 200 in 142ms
 GET /test-api 200 in 115ms
 GET /test-api 200 in 167ms
 GET /test-api 200 in 104ms
 GET /test-api 200 in 142ms
 GET /test-api 200 in 398ms
 âœ“ Compiled in 4.2s (978 modules)
 GET /test-api 200 in 1269ms
 âœ“ Compiled in 1946ms (870 modules)
 GET /test-api 200 in 360ms
 GET /test-api 200 in 157ms
 GET /test-api 200 in 155ms
 âœ“ Compiled in 817ms (394 modules)
 âœ“ Compiled in 453ms (394 modules)
 GET /test-api 200 in 206ms
 GET /test-api 200 in 146ms
 âœ“ Compiled in 1108ms (394 modules)
 GET /test-api 200 in 1043ms
 âœ“ Compiled in 2.8s (394 modules)
 âœ“ Compiled in 7.9s (502 modules)
 GET /test-api 200 in 611ms
 GET /test-api 200 in 314ms
[Error: UNKNOWN: unknown error, write] {
  errno: -4094,
  syscall: 'write',
  code: 'UNKNOWN'
}
 â¨¯ uncaughtException: [Error: UNKNOWN: unknown error, write] {
  errno: -4094,
  syscall: 'write',
  code: 'UNKNOWN'
}
 â¨¯ uncaughtException:  [Error: UNKNOWN: unknown error, write] {
  errno: -4094,
  syscall: 'write',
  code: 'UNKNOWN'
}
RangeError: Array buffer allocation failed
    at new ArrayBuffer (<anonymous>)
    at new Uint8Array (<anonymous>)
 â¨¯ uncaughtException: RangeError: Array buffer allocation failed
    at new ArrayBuffer (<anonymous>)
    at new Uint8Array (<anonymous>)
 â¨¯ uncaughtException:  RangeError: Array buffer allocation failed
    at new ArrayBuffer (<anonymous>)
    at new Uint8Array (<anonymous>)
